CRITICAL - 2023-07-22 00:04:10 --> Class 'App\Controllers\UserModel' not found
#0 D:\xampp\htdocs\fatih\timeline\_temp\system\CodeIgniter.php(832): App\Controllers\Auth->login()
#1 D:\xampp\htdocs\fatih\timeline\_temp\system\CodeIgniter.php(419): CodeIgniter\CodeIgniter->runController(Object(App\Controllers\Auth))
#2 D:\xampp\htdocs\fatih\timeline\_temp\system\CodeIgniter.php(326): CodeIgniter\CodeIgniter->handleRequest(NULL, Object(Config\Cache), false)
#3 D:\xampp\htdocs\fatih\timeline\index.php(37): CodeIgniter\CodeIgniter->run()
#4 {main}
CRITICAL - 2023-07-22 00:05:51 --> syntax error, unexpected 'use' (T_USE)
#0 D:\xampp\htdocs\fatih\timeline\_temp\system\Router\Router.php(175): CodeIgniter\Router\Router->autoRoute('auth/login')
#1 D:\xampp\htdocs\fatih\timeline\_temp\system\CodeIgniter.php(726): CodeIgniter\Router\Router->handle('auth/login')
#2 D:\xampp\htdocs\fatih\timeline\_temp\system\CodeIgniter.php(368): CodeIgniter\CodeIgniter->tryToRouteIt(Object(CodeIgniter\Router\RouteCollection))
#3 D:\xampp\htdocs\fatih\timeline\_temp\system\CodeIgniter.php(326): CodeIgniter\CodeIgniter->handleRequest(NULL, Object(Config\Cache), false)
#4 D:\xampp\htdocs\fatih\timeline\index.php(37): CodeIgniter\CodeIgniter->run()
#5 {main}
CRITICAL - 2023-07-22 00:06:50 --> Cannot call constructor
#0 D:\xampp\htdocs\fatih\timeline\_temp\system\CodeIgniter.php(809): App\Controllers\Auth->__construct()
#1 D:\xampp\htdocs\fatih\timeline\_temp\system\CodeIgniter.php(410): CodeIgniter\CodeIgniter->createController()
#2 D:\xampp\htdocs\fatih\timeline\_temp\system\CodeIgniter.php(326): CodeIgniter\CodeIgniter->handleRequest(NULL, Object(Config\Cache), false)
#3 D:\xampp\htdocs\fatih\timeline\index.php(37): CodeIgniter\CodeIgniter->run()
#4 {main}
ERROR - 2023-07-22 00:07:03 --> Error connecting to the database: Access denied for user ''@'localhost' (using password: NO)
CRITICAL - 2023-07-22 00:07:03 --> Unable to connect to the database.
Main connection [MySQLi]: Access denied for user ''@'localhost' (using password: NO)
#0 D:\xampp\htdocs\fatih\timeline\_temp\system\Database\BaseConnection.php(577): CodeIgniter\Database\BaseConnection->initialize()
#1 D:\xampp\htdocs\fatih\timeline\_temp\system\Database\BaseBuilder.php(1455): CodeIgniter\Database\BaseConnection->query('SELECT *\nFROM `...', Array, false)
#2 D:\xampp\htdocs\fatih\timeline\_temp\system\Model.php(210): CodeIgniter\Database\BaseBuilder->get()
#3 D:\xampp\htdocs\fatih\timeline\_temp\system\BaseModel.php(622): CodeIgniter\Model->doFirst()
#4 D:\xampp\htdocs\fatih\timeline\_temp\app\Controllers\Auth.php(26): CodeIgniter\BaseModel->first()
#5 D:\xampp\htdocs\fatih\timeline\_temp\system\CodeIgniter.php(832): App\Controllers\Auth->login()
#6 D:\xampp\htdocs\fatih\timeline\_temp\system\CodeIgniter.php(419): CodeIgniter\CodeIgniter->runController(Object(App\Controllers\Auth))
#7 D:\xampp\htdocs\fatih\timeline\_temp\system\CodeIgniter.php(326): CodeIgniter\CodeIgniter->handleRequest(NULL, Object(Config\Cache), false)
#8 D:\xampp\htdocs\fatih\timeline\index.php(37): CodeIgniter\CodeIgniter->run()
#9 {main}
CRITICAL - 2023-07-22 00:19:48 --> Call to undefined method App\Models\UserModel::countData
#0 D:\xampp\htdocs\fatih\timeline\_temp\app\Controllers\Auth.php(33): CodeIgniter\Model->__call('countData', Array)
#1 D:\xampp\htdocs\fatih\timeline\_temp\system\CodeIgniter.php(832): App\Controllers\Auth->login()
#2 D:\xampp\htdocs\fatih\timeline\_temp\system\CodeIgniter.php(419): CodeIgniter\CodeIgniter->runController(Object(App\Controllers\Auth))
#3 D:\xampp\htdocs\fatih\timeline\_temp\system\CodeIgniter.php(326): CodeIgniter\CodeIgniter->handleRequest(NULL, Object(Config\Cache), false)
#4 D:\xampp\htdocs\fatih\timeline\index.php(37): CodeIgniter\CodeIgniter->run()
#5 {main}
CRITICAL - 2023-07-22 00:26:30 --> Namespace declaration statement has to be the very first statement or after any declare call in the script
#0 [internal function]: CodeIgniter\Debug\Exceptions->shutdownHandler()
#1 {main}
CRITICAL - 2023-07-22 00:27:12 --> syntax error, unexpected 'use' (T_USE)
#0 D:\xampp\htdocs\fatih\timeline\_temp\system\Router\Router.php(175): CodeIgniter\Router\Router->autoRoute('admin/dashboard')
#1 D:\xampp\htdocs\fatih\timeline\_temp\system\CodeIgniter.php(726): CodeIgniter\Router\Router->handle('admin/dashboard')
#2 D:\xampp\htdocs\fatih\timeline\_temp\system\CodeIgniter.php(368): CodeIgniter\CodeIgniter->tryToRouteIt(Object(CodeIgniter\Router\RouteCollection))
#3 D:\xampp\htdocs\fatih\timeline\_temp\system\CodeIgniter.php(326): CodeIgniter\CodeIgniter->handleRequest(NULL, Object(Config\Cache), false)
#4 D:\xampp\htdocs\fatih\timeline\index.php(37): CodeIgniter\CodeIgniter->run()
#5 {main}
CRITICAL - 2023-07-22 00:27:55 --> Namespace declaration statement has to be the very first statement or after any declare call in the script
#0 [internal function]: CodeIgniter\Debug\Exceptions->shutdownHandler()
#1 {main}
CRITICAL - 2023-07-22 00:28:23 --> Namespace declaration statement has to be the very first statement or after any declare call in the script
#0 [internal function]: CodeIgniter\Debug\Exceptions->shutdownHandler()
#1 {main}
CRITICAL - 2023-07-22 00:28:47 --> Namespace declaration statement has to be the very first statement or after any declare call in the script
#0 [internal function]: CodeIgniter\Debug\Exceptions->shutdownHandler()
#1 {main}
CRITICAL - 2023-07-22 00:29:29 --> Namespace declaration statement has to be the very first statement or after any declare call in the script
#0 [internal function]: CodeIgniter\Debug\Exceptions->shutdownHandler()
#1 {main}
CRITICAL - 2023-07-22 00:30:35 --> Namespace declaration statement has to be the very first statement or after any declare call in the script
#0 [internal function]: CodeIgniter\Debug\Exceptions->shutdownHandler()
#1 {main}
CRITICAL - 2023-07-22 00:30:52 --> Namespace declaration statement has to be the very first statement or after any declare call in the script
#0 [internal function]: CodeIgniter\Debug\Exceptions->shutdownHandler()
#1 {main}
CRITICAL - 2023-07-22 00:31:04 --> Namespace declaration statement has to be the very first statement or after any declare call in the script
#0 [internal function]: CodeIgniter\Debug\Exceptions->shutdownHandler()
#1 {main}
CRITICAL - 2023-07-22 00:34:04 --> Namespace declaration statement has to be the very first statement or after any declare call in the script
#0 [internal function]: CodeIgniter\Debug\Exceptions->shutdownHandler()
#1 {main}
CRITICAL - 2023-07-22 00:34:07 --> Namespace declaration statement has to be the very first statement or after any declare call in the script
#0 [internal function]: CodeIgniter\Debug\Exceptions->shutdownHandler()
#1 {main}
CRITICAL - 2023-07-22 00:34:48 --> Namespace declaration statement has to be the very first statement or after any declare call in the script
#0 [internal function]: CodeIgniter\Debug\Exceptions->shutdownHandler()
#1 {main}
CRITICAL - 2023-07-22 00:51:40 --> Cannot call constructor
#0 D:\xampp\htdocs\fatih\timeline\_temp\system\CodeIgniter.php(809): App\Controllers\Admin->__construct()
#1 D:\xampp\htdocs\fatih\timeline\_temp\system\CodeIgniter.php(410): CodeIgniter\CodeIgniter->createController()
#2 D:\xampp\htdocs\fatih\timeline\_temp\system\CodeIgniter.php(326): CodeIgniter\CodeIgniter->handleRequest(NULL, Object(Config\Cache), false)
#3 D:\xampp\htdocs\fatih\timeline\index.php(37): CodeIgniter\CodeIgniter->run()
#4 {main}
