CRITICAL - 2023-07-28 21:36:38 --> Namespace declaration statement has to be the very first statement or after any declare call in the script
#0 [internal function]: CodeIgniter\Debug\Exceptions->shutdownHandler()
#1 {main}
CRITICAL - 2023-07-28 21:37:07 --> Namespace declaration statement has to be the very first statement or after any declare call in the script
#0 [internal function]: CodeIgniter\Debug\Exceptions->shutdownHandler()
#1 {main}
CRITICAL - 2023-07-28 21:38:06 --> Namespace declaration statement has to be the very first statement or after any declare call in the script
#0 [internal function]: CodeIgniter\Debug\Exceptions->shutdownHandler()
#1 {main}
CRITICAL - 2023-07-28 21:40:50 --> Namespace declaration statement has to be the very first statement or after any declare call in the script
#0 [internal function]: CodeIgniter\Debug\Exceptions->shutdownHandler()
#1 {main}
ERROR - 2023-07-28 22:00:33 --> Table 'timeline.sys_users' doesn't exist
CRITICAL - 2023-07-28 22:00:33 --> Call to a member function getFirstRow() on bool
#0 D:\xampp\htdocs\fatih\timeline\_temp\system\BaseModel.php(622): CodeIgniter\Model->doFirst()
#1 D:\xampp\htdocs\fatih\timeline\_temp\app\Controllers\Auth.php(26): CodeIgniter\BaseModel->first()
#2 D:\xampp\htdocs\fatih\timeline\_temp\system\CodeIgniter.php(832): App\Controllers\Auth->login()
#3 D:\xampp\htdocs\fatih\timeline\_temp\system\CodeIgniter.php(419): CodeIgniter\CodeIgniter->runController(Object(App\Controllers\Auth))
#4 D:\xampp\htdocs\fatih\timeline\_temp\system\CodeIgniter.php(326): CodeIgniter\CodeIgniter->handleRequest(NULL, Object(Config\Cache), false)
#5 D:\xampp\htdocs\fatih\timeline\index.php(37): CodeIgniter\CodeIgniter->run()
#6 {main}
CRITICAL - 2023-07-28 22:00:50 --> Call to undefined method App\Models\UserModel::countData
#0 D:\xampp\htdocs\fatih\timeline\_temp\app\Controllers\Auth.php(33): CodeIgniter\Model->__call('countData', Array)
#1 D:\xampp\htdocs\fatih\timeline\_temp\system\CodeIgniter.php(832): App\Controllers\Auth->login()
#2 D:\xampp\htdocs\fatih\timeline\_temp\system\CodeIgniter.php(419): CodeIgniter\CodeIgniter->runController(Object(App\Controllers\Auth))
#3 D:\xampp\htdocs\fatih\timeline\_temp\system\CodeIgniter.php(326): CodeIgniter\CodeIgniter->handleRequest(NULL, Object(Config\Cache), false)
#4 D:\xampp\htdocs\fatih\timeline\index.php(37): CodeIgniter\CodeIgniter->run()
#5 {main}
CRITICAL - 2023-07-28 22:01:16 --> Call to undefined method App\Models\UserModel::countData
#0 D:\xampp\htdocs\fatih\timeline\_temp\app\Controllers\Auth.php(33): CodeIgniter\Model->__call('countData', Array)
#1 D:\xampp\htdocs\fatih\timeline\_temp\system\CodeIgniter.php(832): App\Controllers\Auth->login()
#2 D:\xampp\htdocs\fatih\timeline\_temp\system\CodeIgniter.php(419): CodeIgniter\CodeIgniter->runController(Object(App\Controllers\Auth))
#3 D:\xampp\htdocs\fatih\timeline\_temp\system\CodeIgniter.php(326): CodeIgniter\CodeIgniter->handleRequest(NULL, Object(Config\Cache), false)
#4 D:\xampp\htdocs\fatih\timeline\index.php(37): CodeIgniter\CodeIgniter->run()
#5 {main}
CRITICAL - 2023-07-28 22:02:19 --> Call to undefined method App\Models\UserModel::countData
#0 D:\xampp\htdocs\fatih\timeline\_temp\app\Controllers\Auth.php(33): CodeIgniter\Model->__call('countData', Array)
#1 D:\xampp\htdocs\fatih\timeline\_temp\system\CodeIgniter.php(832): App\Controllers\Auth->login()
#2 D:\xampp\htdocs\fatih\timeline\_temp\system\CodeIgniter.php(419): CodeIgniter\CodeIgniter->runController(Object(App\Controllers\Auth))
#3 D:\xampp\htdocs\fatih\timeline\_temp\system\CodeIgniter.php(326): CodeIgniter\CodeIgniter->handleRequest(NULL, Object(Config\Cache), false)
#4 D:\xampp\htdocs\fatih\timeline\index.php(37): CodeIgniter\CodeIgniter->run()
#5 {main}
CRITICAL - 2023-07-28 22:04:14 --> Call to undefined method App\Controllers\Auth::model()
#0 D:\xampp\htdocs\fatih\timeline\_temp\system\CodeIgniter.php(832): App\Controllers\Auth->login()
#1 D:\xampp\htdocs\fatih\timeline\_temp\system\CodeIgniter.php(419): CodeIgniter\CodeIgniter->runController(Object(App\Controllers\Auth))
#2 D:\xampp\htdocs\fatih\timeline\_temp\system\CodeIgniter.php(326): CodeIgniter\CodeIgniter->handleRequest(NULL, Object(Config\Cache), false)
#3 D:\xampp\htdocs\fatih\timeline\index.php(37): CodeIgniter\CodeIgniter->run()
#4 {main}
CRITICAL - 2023-07-28 22:04:37 --> Call to undefined method App\Controllers\Auth::model()
#0 D:\xampp\htdocs\fatih\timeline\_temp\system\CodeIgniter.php(832): App\Controllers\Auth->login()
#1 D:\xampp\htdocs\fatih\timeline\_temp\system\CodeIgniter.php(419): CodeIgniter\CodeIgniter->runController(Object(App\Controllers\Auth))
#2 D:\xampp\htdocs\fatih\timeline\_temp\system\CodeIgniter.php(326): CodeIgniter\CodeIgniter->handleRequest(NULL, Object(Config\Cache), false)
#3 D:\xampp\htdocs\fatih\timeline\index.php(37): CodeIgniter\CodeIgniter->run()
#4 {main}
CRITICAL - 2023-07-28 22:05:07 --> Call to a member function data_login() on null
#0 D:\xampp\htdocs\fatih\timeline\_temp\system\CodeIgniter.php(832): App\Controllers\Auth->login()
#1 D:\xampp\htdocs\fatih\timeline\_temp\system\CodeIgniter.php(419): CodeIgniter\CodeIgniter->runController(Object(App\Controllers\Auth))
#2 D:\xampp\htdocs\fatih\timeline\_temp\system\CodeIgniter.php(326): CodeIgniter\CodeIgniter->handleRequest(NULL, Object(Config\Cache), false)
#3 D:\xampp\htdocs\fatih\timeline\index.php(37): CodeIgniter\CodeIgniter->run()
#4 {main}
CRITICAL - 2023-07-28 22:07:50 --> Call to a member function data_login() on null
#0 D:\xampp\htdocs\fatih\timeline\_temp\system\CodeIgniter.php(832): App\Controllers\Auth->login()
#1 D:\xampp\htdocs\fatih\timeline\_temp\system\CodeIgniter.php(419): CodeIgniter\CodeIgniter->runController(Object(App\Controllers\Auth))
#2 D:\xampp\htdocs\fatih\timeline\_temp\system\CodeIgniter.php(326): CodeIgniter\CodeIgniter->handleRequest(NULL, Object(Config\Cache), false)
#3 D:\xampp\htdocs\fatih\timeline\index.php(37): CodeIgniter\CodeIgniter->run()
#4 {main}
CRITICAL - 2023-07-28 22:12:16 --> Call to a member function data_login() on null
#0 D:\xampp\htdocs\fatih\timeline\_temp\system\CodeIgniter.php(832): App\Controllers\Auth->login()
#1 D:\xampp\htdocs\fatih\timeline\_temp\system\CodeIgniter.php(419): CodeIgniter\CodeIgniter->runController(Object(App\Controllers\Auth))
#2 D:\xampp\htdocs\fatih\timeline\_temp\system\CodeIgniter.php(326): CodeIgniter\CodeIgniter->handleRequest(NULL, Object(Config\Cache), false)
#3 D:\xampp\htdocs\fatih\timeline\index.php(37): CodeIgniter\CodeIgniter->run()
#4 {main}
CRITICAL - 2023-07-28 22:15:03 --> Call to a member function data_login() on null
#0 D:\xampp\htdocs\fatih\timeline\_temp\system\CodeIgniter.php(832): App\Controllers\Auth->login()
#1 D:\xampp\htdocs\fatih\timeline\_temp\system\CodeIgniter.php(419): CodeIgniter\CodeIgniter->runController(Object(App\Controllers\Auth))
#2 D:\xampp\htdocs\fatih\timeline\_temp\system\CodeIgniter.php(326): CodeIgniter\CodeIgniter->handleRequest(NULL, Object(Config\Cache), false)
#3 D:\xampp\htdocs\fatih\timeline\index.php(37): CodeIgniter\CodeIgniter->run()
#4 {main}
CRITICAL - 2023-07-28 22:16:05 --> Call to a member function data_login() on null
#0 D:\xampp\htdocs\fatih\timeline\_temp\system\CodeIgniter.php(832): App\Controllers\Auth->login()
#1 D:\xampp\htdocs\fatih\timeline\_temp\system\CodeIgniter.php(419): CodeIgniter\CodeIgniter->runController(Object(App\Controllers\Auth))
#2 D:\xampp\htdocs\fatih\timeline\_temp\system\CodeIgniter.php(326): CodeIgniter\CodeIgniter->handleRequest(NULL, Object(Config\Cache), false)
#3 D:\xampp\htdocs\fatih\timeline\index.php(37): CodeIgniter\CodeIgniter->run()
#4 {main}
CRITICAL - 2023-07-28 22:17:08 --> Call to a member function data_login() on null
#0 D:\xampp\htdocs\fatih\timeline\_temp\system\CodeIgniter.php(832): App\Controllers\Auth->login()
#1 D:\xampp\htdocs\fatih\timeline\_temp\system\CodeIgniter.php(419): CodeIgniter\CodeIgniter->runController(Object(App\Controllers\Auth))
#2 D:\xampp\htdocs\fatih\timeline\_temp\system\CodeIgniter.php(326): CodeIgniter\CodeIgniter->handleRequest(NULL, Object(Config\Cache), false)
#3 D:\xampp\htdocs\fatih\timeline\index.php(37): CodeIgniter\CodeIgniter->run()
#4 {main}
CRITICAL - 2023-07-28 22:17:27 --> Call to a member function data_login() on null
#0 D:\xampp\htdocs\fatih\timeline\_temp\system\CodeIgniter.php(832): App\Controllers\Auth->login()
#1 D:\xampp\htdocs\fatih\timeline\_temp\system\CodeIgniter.php(419): CodeIgniter\CodeIgniter->runController(Object(App\Controllers\Auth))
#2 D:\xampp\htdocs\fatih\timeline\_temp\system\CodeIgniter.php(326): CodeIgniter\CodeIgniter->handleRequest(NULL, Object(Config\Cache), false)
#3 D:\xampp\htdocs\fatih\timeline\index.php(37): CodeIgniter\CodeIgniter->run()
#4 {main}
CRITICAL - 2023-07-28 22:18:26 --> Call to a member function data_login() on null
#0 D:\xampp\htdocs\fatih\timeline\_temp\system\CodeIgniter.php(832): App\Controllers\Auth->login()
#1 D:\xampp\htdocs\fatih\timeline\_temp\system\CodeIgniter.php(419): CodeIgniter\CodeIgniter->runController(Object(App\Controllers\Auth))
#2 D:\xampp\htdocs\fatih\timeline\_temp\system\CodeIgniter.php(326): CodeIgniter\CodeIgniter->handleRequest(NULL, Object(Config\Cache), false)
#3 D:\xampp\htdocs\fatih\timeline\index.php(37): CodeIgniter\CodeIgniter->run()
#4 {main}
ERROR - 2023-07-28 22:31:36 --> Unknown column 'nama' in 'field list'
ERROR - 2023-07-28 22:32:07 --> Unknown column 'nama' in 'field list'
ERROR - 2023-07-28 22:32:08 --> Unknown column 'nama' in 'field list'
ERROR - 2023-07-28 22:32:09 --> Unknown column 'nama' in 'field list'
ERROR - 2023-07-28 22:32:09 --> Unknown column 'nama' in 'field list'
ERROR - 2023-07-28 22:32:20 --> Unknown column 'nama' in 'field list'
ERROR - 2023-07-28 22:32:22 --> Unknown column 'nama' in 'field list'
ERROR - 2023-07-28 22:32:22 --> Unknown column 'nama' in 'field list'
ERROR - 2023-07-28 22:32:22 --> Unknown column 'nama' in 'field list'
ERROR - 2023-07-28 22:32:39 --> Unknown column 'nama' in 'field list'
CRITICAL - 2023-07-28 22:34:07 --> Call to a member function select() on null
#0 D:\xampp\htdocs\fatih\timeline\_temp\system\CodeIgniter.php(832): App\Controllers\Auth->login()
#1 D:\xampp\htdocs\fatih\timeline\_temp\system\CodeIgniter.php(419): CodeIgniter\CodeIgniter->runController(Object(App\Controllers\Auth))
#2 D:\xampp\htdocs\fatih\timeline\_temp\system\CodeIgniter.php(326): CodeIgniter\CodeIgniter->handleRequest(NULL, Object(Config\Cache), false)
#3 D:\xampp\htdocs\fatih\timeline\index.php(37): CodeIgniter\CodeIgniter->run()
#4 {main}
CRITICAL - 2023-07-28 22:34:35 --> Call to a member function select() on null
#0 D:\xampp\htdocs\fatih\timeline\_temp\system\CodeIgniter.php(832): App\Controllers\Auth->login()
#1 D:\xampp\htdocs\fatih\timeline\_temp\system\CodeIgniter.php(419): CodeIgniter\CodeIgniter->runController(Object(App\Controllers\Auth))
#2 D:\xampp\htdocs\fatih\timeline\_temp\system\CodeIgniter.php(326): CodeIgniter\CodeIgniter->handleRequest(NULL, Object(Config\Cache), false)
#3 D:\xampp\htdocs\fatih\timeline\index.php(37): CodeIgniter\CodeIgniter->run()
#4 {main}
CRITICAL - 2023-07-28 22:35:10 --> Call to a member function first() on null
#0 D:\xampp\htdocs\fatih\timeline\_temp\system\CodeIgniter.php(832): App\Controllers\Auth->login()
#1 D:\xampp\htdocs\fatih\timeline\_temp\system\CodeIgniter.php(419): CodeIgniter\CodeIgniter->runController(Object(App\Controllers\Auth))
#2 D:\xampp\htdocs\fatih\timeline\_temp\system\CodeIgniter.php(326): CodeIgniter\CodeIgniter->handleRequest(NULL, Object(Config\Cache), false)
#3 D:\xampp\htdocs\fatih\timeline\index.php(37): CodeIgniter\CodeIgniter->run()
#4 {main}
CRITICAL - 2023-07-28 22:35:21 --> Call to a member function data_login() on null
#0 D:\xampp\htdocs\fatih\timeline\_temp\system\CodeIgniter.php(832): App\Controllers\Auth->login()
#1 D:\xampp\htdocs\fatih\timeline\_temp\system\CodeIgniter.php(419): CodeIgniter\CodeIgniter->runController(Object(App\Controllers\Auth))
#2 D:\xampp\htdocs\fatih\timeline\_temp\system\CodeIgniter.php(326): CodeIgniter\CodeIgniter->handleRequest(NULL, Object(Config\Cache), false)
#3 D:\xampp\htdocs\fatih\timeline\index.php(37): CodeIgniter\CodeIgniter->run()
#4 {main}
CRITICAL - 2023-07-28 22:36:49 --> Call to a member function data_login() on null
#0 D:\xampp\htdocs\fatih\timeline\_temp\system\CodeIgniter.php(832): App\Controllers\Auth->login()
#1 D:\xampp\htdocs\fatih\timeline\_temp\system\CodeIgniter.php(419): CodeIgniter\CodeIgniter->runController(Object(App\Controllers\Auth))
#2 D:\xampp\htdocs\fatih\timeline\_temp\system\CodeIgniter.php(326): CodeIgniter\CodeIgniter->handleRequest(NULL, Object(Config\Cache), false)
#3 D:\xampp\htdocs\fatih\timeline\index.php(37): CodeIgniter\CodeIgniter->run()
#4 {main}
CRITICAL - 2023-07-28 22:41:20 --> Access level to App\Models\UserModel::$db must be protected (as in class CodeIgniter\Model) or weaker
#0 [internal function]: CodeIgniter\Debug\Exceptions->shutdownHandler()
#1 {main}
CRITICAL - 2023-07-28 22:42:06 --> Call to a member function get_all_data() on null
#0 D:\xampp\htdocs\fatih\timeline\_temp\system\CodeIgniter.php(832): App\Controllers\Auth->login()
#1 D:\xampp\htdocs\fatih\timeline\_temp\system\CodeIgniter.php(419): CodeIgniter\CodeIgniter->runController(Object(App\Controllers\Auth))
#2 D:\xampp\htdocs\fatih\timeline\_temp\system\CodeIgniter.php(326): CodeIgniter\CodeIgniter->handleRequest(NULL, Object(Config\Cache), false)
#3 D:\xampp\htdocs\fatih\timeline\index.php(37): CodeIgniter\CodeIgniter->run()
#4 {main}
CRITICAL - 2023-07-28 22:42:57 --> Access level to App\Models\UserModel::$db must be protected (as in class CodeIgniter\Model) or weaker
#0 [internal function]: CodeIgniter\Debug\Exceptions->shutdownHandler()
#1 {main}
CRITICAL - 2023-07-28 22:45:19 --> Call to a member function get_all_data() on null
#0 D:\xampp\htdocs\fatih\timeline\_temp\system\CodeIgniter.php(832): App\Controllers\Auth->login()
#1 D:\xampp\htdocs\fatih\timeline\_temp\system\CodeIgniter.php(419): CodeIgniter\CodeIgniter->runController(Object(App\Controllers\Auth))
#2 D:\xampp\htdocs\fatih\timeline\_temp\system\CodeIgniter.php(326): CodeIgniter\CodeIgniter->handleRequest(NULL, Object(Config\Cache), false)
#3 D:\xampp\htdocs\fatih\timeline\index.php(37): CodeIgniter\CodeIgniter->run()
#4 {main}
CRITICAL - 2023-07-28 22:46:50 --> Call to a member function get_all_data() on null
#0 D:\xampp\htdocs\fatih\timeline\_temp\system\CodeIgniter.php(832): App\Controllers\Auth->login()
#1 D:\xampp\htdocs\fatih\timeline\_temp\system\CodeIgniter.php(419): CodeIgniter\CodeIgniter->runController(Object(App\Controllers\Auth))
#2 D:\xampp\htdocs\fatih\timeline\_temp\system\CodeIgniter.php(326): CodeIgniter\CodeIgniter->handleRequest(NULL, Object(Config\Cache), false)
#3 D:\xampp\htdocs\fatih\timeline\index.php(37): CodeIgniter\CodeIgniter->run()
#4 {main}
CRITICAL - 2023-07-28 22:48:29 --> Call to a member function get_all_data() on null
#0 D:\xampp\htdocs\fatih\timeline\_temp\system\CodeIgniter.php(832): App\Controllers\Auth->login()
#1 D:\xampp\htdocs\fatih\timeline\_temp\system\CodeIgniter.php(419): CodeIgniter\CodeIgniter->runController(Object(App\Controllers\Auth))
#2 D:\xampp\htdocs\fatih\timeline\_temp\system\CodeIgniter.php(326): CodeIgniter\CodeIgniter->handleRequest(NULL, Object(Config\Cache), false)
#3 D:\xampp\htdocs\fatih\timeline\index.php(37): CodeIgniter\CodeIgniter->run()
#4 {main}
CRITICAL - 2023-07-28 22:51:17 --> Call to a member function get_all_data() on null
#0 D:\xampp\htdocs\fatih\timeline\_temp\system\CodeIgniter.php(832): App\Controllers\Auth->login()
#1 D:\xampp\htdocs\fatih\timeline\_temp\system\CodeIgniter.php(419): CodeIgniter\CodeIgniter->runController(Object(App\Controllers\Auth))
#2 D:\xampp\htdocs\fatih\timeline\_temp\system\CodeIgniter.php(326): CodeIgniter\CodeIgniter->handleRequest(NULL, Object(Config\Cache), false)
#3 D:\xampp\htdocs\fatih\timeline\index.php(37): CodeIgniter\CodeIgniter->run()
#4 {main}
CRITICAL - 2023-07-28 22:53:57 --> Call to a member function get_all_data() on null
#0 D:\xampp\htdocs\fatih\timeline\_temp\system\CodeIgniter.php(832): App\Controllers\Auth->login()
#1 D:\xampp\htdocs\fatih\timeline\_temp\system\CodeIgniter.php(419): CodeIgniter\CodeIgniter->runController(Object(App\Controllers\Auth))
#2 D:\xampp\htdocs\fatih\timeline\_temp\system\CodeIgniter.php(326): CodeIgniter\CodeIgniter->handleRequest(NULL, Object(Config\Cache), false)
#3 D:\xampp\htdocs\fatih\timeline\index.php(37): CodeIgniter\CodeIgniter->run()
#4 {main}
CRITICAL - 2023-07-28 22:54:46 --> Call to a member function getUser() on null
#0 D:\xampp\htdocs\fatih\timeline\_temp\system\CodeIgniter.php(832): App\Controllers\Auth->login()
#1 D:\xampp\htdocs\fatih\timeline\_temp\system\CodeIgniter.php(419): CodeIgniter\CodeIgniter->runController(Object(App\Controllers\Auth))
#2 D:\xampp\htdocs\fatih\timeline\_temp\system\CodeIgniter.php(326): CodeIgniter\CodeIgniter->handleRequest(NULL, Object(Config\Cache), false)
#3 D:\xampp\htdocs\fatih\timeline\index.php(37): CodeIgniter\CodeIgniter->run()
#4 {main}
CRITICAL - 2023-07-28 23:00:08 --> Call to a member function get_all_data() on null
#0 D:\xampp\htdocs\fatih\timeline\_temp\system\CodeIgniter.php(832): App\Controllers\Auth->login()
#1 D:\xampp\htdocs\fatih\timeline\_temp\system\CodeIgniter.php(419): CodeIgniter\CodeIgniter->runController(Object(App\Controllers\Auth))
#2 D:\xampp\htdocs\fatih\timeline\_temp\system\CodeIgniter.php(326): CodeIgniter\CodeIgniter->handleRequest(NULL, Object(Config\Cache), false)
#3 D:\xampp\htdocs\fatih\timeline\index.php(37): CodeIgniter\CodeIgniter->run()
#4 {main}
CRITICAL - 2023-07-28 23:01:38 --> Call to undefined method App\Models\UserModel::data_login
#0 D:\xampp\htdocs\fatih\timeline\_temp\app\Controllers\Auth.php(32): CodeIgniter\Model->__call('data_login', Array)
#1 D:\xampp\htdocs\fatih\timeline\_temp\system\CodeIgniter.php(832): App\Controllers\Auth->login()
#2 D:\xampp\htdocs\fatih\timeline\_temp\system\CodeIgniter.php(419): CodeIgniter\CodeIgniter->runController(Object(App\Controllers\Auth))
#3 D:\xampp\htdocs\fatih\timeline\_temp\system\CodeIgniter.php(326): CodeIgniter\CodeIgniter->handleRequest(NULL, Object(Config\Cache), false)
#4 D:\xampp\htdocs\fatih\timeline\index.php(37): CodeIgniter\CodeIgniter->run()
#5 {main}
CRITICAL - 2023-07-28 23:06:47 --> syntax error, unexpected ';', expecting function (T_FUNCTION) or const (T_CONST)
#0 D:\xampp\htdocs\fatih\timeline\_temp\system\Router\Router.php(175): CodeIgniter\Router\Router->autoRoute('auth/login')
#1 D:\xampp\htdocs\fatih\timeline\_temp\system\CodeIgniter.php(726): CodeIgniter\Router\Router->handle('auth/login')
#2 D:\xampp\htdocs\fatih\timeline\_temp\system\CodeIgniter.php(368): CodeIgniter\CodeIgniter->tryToRouteIt(Object(CodeIgniter\Router\RouteCollection))
#3 D:\xampp\htdocs\fatih\timeline\_temp\system\CodeIgniter.php(326): CodeIgniter\CodeIgniter->handleRequest(NULL, Object(Config\Cache), false)
#4 D:\xampp\htdocs\fatih\timeline\index.php(37): CodeIgniter\CodeIgniter->run()
#5 {main}
CRITICAL - 2023-07-28 23:18:20 --> Call to a member function set() on null
#0 D:\xampp\htdocs\fatih\timeline\_temp\system\CodeIgniter.php(832): App\Controllers\Auth->login()
#1 D:\xampp\htdocs\fatih\timeline\_temp\system\CodeIgniter.php(419): CodeIgniter\CodeIgniter->runController(Object(App\Controllers\Auth))
#2 D:\xampp\htdocs\fatih\timeline\_temp\system\CodeIgniter.php(326): CodeIgniter\CodeIgniter->handleRequest(NULL, Object(Config\Cache), false)
#3 D:\xampp\htdocs\fatih\timeline\index.php(37): CodeIgniter\CodeIgniter->run()
#4 {main}
CRITICAL - 2023-07-28 23:19:41 --> Call to a member function get() on null
#0 D:\xampp\htdocs\fatih\timeline\_temp\system\CodeIgniter.php(832): App\Controllers\Admin\Dashboard->index()
#1 D:\xampp\htdocs\fatih\timeline\_temp\system\CodeIgniter.php(419): CodeIgniter\CodeIgniter->runController(Object(App\Controllers\Admin\Dashboard))
#2 D:\xampp\htdocs\fatih\timeline\_temp\system\CodeIgniter.php(326): CodeIgniter\CodeIgniter->handleRequest(NULL, Object(Config\Cache), false)
#3 D:\xampp\htdocs\fatih\timeline\index.php(37): CodeIgniter\CodeIgniter->run()
#4 {main}
CRITICAL - 2023-07-28 23:30:26 --> Class 'Config\AuthFilter' not found
#0 D:\xampp\htdocs\fatih\timeline\_temp\system\CodeIgniter.php(393): CodeIgniter\Filters\Filters->run('admin/dashboard', 'before')
#1 D:\xampp\htdocs\fatih\timeline\_temp\system\CodeIgniter.php(326): CodeIgniter\CodeIgniter->handleRequest(NULL, Object(Config\Cache), false)
#2 D:\xampp\htdocs\fatih\timeline\index.php(37): CodeIgniter\CodeIgniter->run()
#3 {main}
CRITICAL - 2023-07-28 23:32:01 --> Call to undefined method App\Controllers\Admin\Dashboard::filter()
#0 D:\xampp\htdocs\fatih\timeline\_temp\system\CodeIgniter.php(832): App\Controllers\Admin\Dashboard->index()
#1 D:\xampp\htdocs\fatih\timeline\_temp\system\CodeIgniter.php(419): CodeIgniter\CodeIgniter->runController(Object(App\Controllers\Admin\Dashboard))
#2 D:\xampp\htdocs\fatih\timeline\_temp\system\CodeIgniter.php(326): CodeIgniter\CodeIgniter->handleRequest(NULL, Object(Config\Cache), false)
#3 D:\xampp\htdocs\fatih\timeline\index.php(37): CodeIgniter\CodeIgniter->run()
#4 {main}
CRITICAL - 2023-07-28 23:32:45 --> Call to undefined method App\Controllers\Admin\Dashboard::filter()
#0 D:\xampp\htdocs\fatih\timeline\_temp\system\CodeIgniter.php(832): App\Controllers\Admin\Dashboard->index()
#1 D:\xampp\htdocs\fatih\timeline\_temp\system\CodeIgniter.php(419): CodeIgniter\CodeIgniter->runController(Object(App\Controllers\Admin\Dashboard))
#2 D:\xampp\htdocs\fatih\timeline\_temp\system\CodeIgniter.php(326): CodeIgniter\CodeIgniter->handleRequest(NULL, Object(Config\Cache), false)
#3 D:\xampp\htdocs\fatih\timeline\index.php(37): CodeIgniter\CodeIgniter->run()
#4 {main}
CRITICAL - 2023-07-28 23:35:24 --> syntax error, unexpected '@', expecting function (T_FUNCTION) or const (T_CONST)
#0 D:\xampp\htdocs\fatih\timeline\_temp\system\Router\Router.php(175): CodeIgniter\Router\Router->autoRoute('admin/dashboard')
#1 D:\xampp\htdocs\fatih\timeline\_temp\system\CodeIgniter.php(726): CodeIgniter\Router\Router->handle('admin/dashboard')
#2 D:\xampp\htdocs\fatih\timeline\_temp\system\CodeIgniter.php(368): CodeIgniter\CodeIgniter->tryToRouteIt(Object(CodeIgniter\Router\RouteCollection))
#3 D:\xampp\htdocs\fatih\timeline\_temp\system\CodeIgniter.php(326): CodeIgniter\CodeIgniter->handleRequest(NULL, Object(Config\Cache), false)
#4 D:\xampp\htdocs\fatih\timeline\index.php(37): CodeIgniter\CodeIgniter->run()
#5 {main}
CRITICAL - 2023-07-28 23:35:32 --> syntax error, unexpected 'filter' (T_STRING), expecting function (T_FUNCTION) or const (T_CONST)
#0 D:\xampp\htdocs\fatih\timeline\_temp\system\Router\Router.php(175): CodeIgniter\Router\Router->autoRoute('admin/dashboard')
#1 D:\xampp\htdocs\fatih\timeline\_temp\system\CodeIgniter.php(726): CodeIgniter\Router\Router->handle('admin/dashboard')
#2 D:\xampp\htdocs\fatih\timeline\_temp\system\CodeIgniter.php(368): CodeIgniter\CodeIgniter->tryToRouteIt(Object(CodeIgniter\Router\RouteCollection))
#3 D:\xampp\htdocs\fatih\timeline\_temp\system\CodeIgniter.php(326): CodeIgniter\CodeIgniter->handleRequest(NULL, Object(Config\Cache), false)
#4 D:\xampp\htdocs\fatih\timeline\index.php(37): CodeIgniter\CodeIgniter->run()
#5 {main}
CRITICAL - 2023-07-28 23:35:51 --> syntax error, unexpected 'filter' (T_STRING), expecting function (T_FUNCTION) or const (T_CONST)
#0 D:\xampp\htdocs\fatih\timeline\_temp\system\Router\Router.php(175): CodeIgniter\Router\Router->autoRoute('admin/dashboard')
#1 D:\xampp\htdocs\fatih\timeline\_temp\system\CodeIgniter.php(726): CodeIgniter\Router\Router->handle('admin/dashboard')
#2 D:\xampp\htdocs\fatih\timeline\_temp\system\CodeIgniter.php(368): CodeIgniter\CodeIgniter->tryToRouteIt(Object(CodeIgniter\Router\RouteCollection))
#3 D:\xampp\htdocs\fatih\timeline\_temp\system\CodeIgniter.php(326): CodeIgniter\CodeIgniter->handleRequest(NULL, Object(Config\Cache), false)
#4 D:\xampp\htdocs\fatih\timeline\index.php(37): CodeIgniter\CodeIgniter->run()
#5 {main}
CRITICAL - 2023-07-28 23:36:27 --> syntax error, unexpected '@', expecting function (T_FUNCTION) or const (T_CONST)
#0 D:\xampp\htdocs\fatih\timeline\_temp\system\Router\Router.php(175): CodeIgniter\Router\Router->autoRoute('admin/dashboard')
#1 D:\xampp\htdocs\fatih\timeline\_temp\system\CodeIgniter.php(726): CodeIgniter\Router\Router->handle('admin/dashboard')
#2 D:\xampp\htdocs\fatih\timeline\_temp\system\CodeIgniter.php(368): CodeIgniter\CodeIgniter->tryToRouteIt(Object(CodeIgniter\Router\RouteCollection))
#3 D:\xampp\htdocs\fatih\timeline\_temp\system\CodeIgniter.php(326): CodeIgniter\CodeIgniter->handleRequest(NULL, Object(Config\Cache), false)
#4 D:\xampp\htdocs\fatih\timeline\index.php(37): CodeIgniter\CodeIgniter->run()
#5 {main}
