CRITICAL - 2023-07-21 22:10:35 --> include(head): failed to open stream: No such file or directory
#0 D:\xampp\htdocs\fatih\timeline\_temp\app\Views\template.php(6): CodeIgniter\Debug\Exceptions->errorHandler(2, 'include(head): ...', 'D:\\xampp\\htdocs...', 6, Array)
#1 D:\xampp\htdocs\fatih\timeline\_temp\app\Views\template.php(6): include()
#2 D:\xampp\htdocs\fatih\timeline\_temp\system\View\View.php(210): include('D:\\xampp\\htdocs...')
#3 D:\xampp\htdocs\fatih\timeline\_temp\system\View\View.php(213): CodeIgniter\View\View->CodeIgniter\View\{closure}()
#4 D:\xampp\htdocs\fatih\timeline\_temp\system\Common.php(1089): CodeIgniter\View\View->render('template', Array, true)
#5 D:\xampp\htdocs\fatih\timeline\_temp\app\Controllers\Home.php(14): view('template')
#6 D:\xampp\htdocs\fatih\timeline\_temp\system\CodeIgniter.php(832): App\Controllers\Home->index()
#7 D:\xampp\htdocs\fatih\timeline\_temp\system\CodeIgniter.php(419): CodeIgniter\CodeIgniter->runController(Object(App\Controllers\Home))
#8 D:\xampp\htdocs\fatih\timeline\_temp\system\CodeIgniter.php(326): CodeIgniter\CodeIgniter->handleRequest(NULL, Object(Config\Cache), false)
#9 D:\xampp\htdocs\fatih\timeline\index.php(37): CodeIgniter\CodeIgniter->run()
#10 {main}
CRITICAL - 2023-07-21 22:11:12 --> include(head): failed to open stream: No such file or directory
#0 D:\xampp\htdocs\fatih\timeline\_temp\app\Views\template.php(6): CodeIgniter\Debug\Exceptions->errorHandler(2, 'include(head): ...', 'D:\\xampp\\htdocs...', 6, Array)
#1 D:\xampp\htdocs\fatih\timeline\_temp\app\Views\template.php(6): include()
#2 D:\xampp\htdocs\fatih\timeline\_temp\system\View\View.php(210): include('D:\\xampp\\htdocs...')
#3 D:\xampp\htdocs\fatih\timeline\_temp\system\View\View.php(213): CodeIgniter\View\View->CodeIgniter\View\{closure}()
#4 D:\xampp\htdocs\fatih\timeline\_temp\system\Common.php(1089): CodeIgniter\View\View->render('template', Array, true)
#5 D:\xampp\htdocs\fatih\timeline\_temp\app\Controllers\Home.php(14): view('template')
#6 D:\xampp\htdocs\fatih\timeline\_temp\system\CodeIgniter.php(832): App\Controllers\Home->index()
#7 D:\xampp\htdocs\fatih\timeline\_temp\system\CodeIgniter.php(419): CodeIgniter\CodeIgniter->runController(Object(App\Controllers\Home))
#8 D:\xampp\htdocs\fatih\timeline\_temp\system\CodeIgniter.php(326): CodeIgniter\CodeIgniter->handleRequest(NULL, Object(Config\Cache), false)
#9 D:\xampp\htdocs\fatih\timeline\index.php(37): CodeIgniter\CodeIgniter->run()
#10 {main}
CRITICAL - 2023-07-21 22:11:31 --> include(head): failed to open stream: No such file or directory
#0 D:\xampp\htdocs\fatih\timeline\_temp\app\Views\template.php(6): CodeIgniter\Debug\Exceptions->errorHandler(2, 'include(head): ...', 'D:\\xampp\\htdocs...', 6, Array)
#1 D:\xampp\htdocs\fatih\timeline\_temp\app\Views\template.php(6): include()
#2 D:\xampp\htdocs\fatih\timeline\_temp\system\View\View.php(210): include('D:\\xampp\\htdocs...')
#3 D:\xampp\htdocs\fatih\timeline\_temp\system\View\View.php(213): CodeIgniter\View\View->CodeIgniter\View\{closure}()
#4 D:\xampp\htdocs\fatih\timeline\_temp\system\Common.php(1089): CodeIgniter\View\View->render('template', Array, true)
#5 D:\xampp\htdocs\fatih\timeline\_temp\app\Controllers\Home.php(14): view('template')
#6 D:\xampp\htdocs\fatih\timeline\_temp\system\CodeIgniter.php(832): App\Controllers\Home->index()
#7 D:\xampp\htdocs\fatih\timeline\_temp\system\CodeIgniter.php(419): CodeIgniter\CodeIgniter->runController(Object(App\Controllers\Home))
#8 D:\xampp\htdocs\fatih\timeline\_temp\system\CodeIgniter.php(326): CodeIgniter\CodeIgniter->handleRequest(NULL, Object(Config\Cache), false)
#9 D:\xampp\htdocs\fatih\timeline\index.php(37): CodeIgniter\CodeIgniter->run()
#10 {main}
CRITICAL - 2023-07-21 22:13:49 --> include(head): failed to open stream: No such file or directory
#0 D:\xampp\htdocs\fatih\timeline\_temp\app\Views\template.php(6): CodeIgniter\Debug\Exceptions->errorHandler(2, 'include(head): ...', 'D:\\xampp\\htdocs...', 6, Array)
#1 D:\xampp\htdocs\fatih\timeline\_temp\app\Views\template.php(6): include()
#2 D:\xampp\htdocs\fatih\timeline\_temp\system\View\View.php(210): include('D:\\xampp\\htdocs...')
#3 D:\xampp\htdocs\fatih\timeline\_temp\system\View\View.php(213): CodeIgniter\View\View->CodeIgniter\View\{closure}()
#4 D:\xampp\htdocs\fatih\timeline\_temp\system\Common.php(1089): CodeIgniter\View\View->render('template', Array, true)
#5 D:\xampp\htdocs\fatih\timeline\_temp\app\Controllers\Home.php(14): view('template')
#6 D:\xampp\htdocs\fatih\timeline\_temp\system\CodeIgniter.php(832): App\Controllers\Home->index()
#7 D:\xampp\htdocs\fatih\timeline\_temp\system\CodeIgniter.php(419): CodeIgniter\CodeIgniter->runController(Object(App\Controllers\Home))
#8 D:\xampp\htdocs\fatih\timeline\_temp\system\CodeIgniter.php(326): CodeIgniter\CodeIgniter->handleRequest(NULL, Object(Config\Cache), false)
#9 D:\xampp\htdocs\fatih\timeline\index.php(37): CodeIgniter\CodeIgniter->run()
#10 {main}
CRITICAL - 2023-07-21 22:14:21 --> include(template/head): failed to open stream: No such file or directory
#0 D:\xampp\htdocs\fatih\timeline\_temp\app\Views\template.php(6): CodeIgniter\Debug\Exceptions->errorHandler(2, 'include(templat...', 'D:\\xampp\\htdocs...', 6, Array)
#1 D:\xampp\htdocs\fatih\timeline\_temp\app\Views\template.php(6): include()
#2 D:\xampp\htdocs\fatih\timeline\_temp\system\View\View.php(210): include('D:\\xampp\\htdocs...')
#3 D:\xampp\htdocs\fatih\timeline\_temp\system\View\View.php(213): CodeIgniter\View\View->CodeIgniter\View\{closure}()
#4 D:\xampp\htdocs\fatih\timeline\_temp\system\Common.php(1089): CodeIgniter\View\View->render('template', Array, true)
#5 D:\xampp\htdocs\fatih\timeline\_temp\app\Controllers\Home.php(14): view('template')
#6 D:\xampp\htdocs\fatih\timeline\_temp\system\CodeIgniter.php(832): App\Controllers\Home->index()
#7 D:\xampp\htdocs\fatih\timeline\_temp\system\CodeIgniter.php(419): CodeIgniter\CodeIgniter->runController(Object(App\Controllers\Home))
#8 D:\xampp\htdocs\fatih\timeline\_temp\system\CodeIgniter.php(326): CodeIgniter\CodeIgniter->handleRequest(NULL, Object(Config\Cache), false)
#9 D:\xampp\htdocs\fatih\timeline\index.php(37): CodeIgniter\CodeIgniter->run()
#10 {main}
CRITICAL - 2023-07-21 22:22:39 --> include(): Filename cannot be empty
#0 D:\xampp\htdocs\fatih\timeline\_temp\app\Views\template.php(17): CodeIgniter\Debug\Exceptions->errorHandler(2, 'include(): File...', 'D:\\xampp\\htdocs...', 17, Array)
#1 D:\xampp\htdocs\fatih\timeline\_temp\app\Views\template.php(17): include()
#2 D:\xampp\htdocs\fatih\timeline\_temp\system\View\View.php(210): include('D:\\xampp\\htdocs...')
#3 D:\xampp\htdocs\fatih\timeline\_temp\system\View\View.php(213): CodeIgniter\View\View->CodeIgniter\View\{closure}()
#4 D:\xampp\htdocs\fatih\timeline\_temp\system\Common.php(1089): CodeIgniter\View\View->render('template', Array, true)
#5 D:\xampp\htdocs\fatih\timeline\_temp\app\Controllers\Home.php(14): view('template')
#6 D:\xampp\htdocs\fatih\timeline\_temp\system\CodeIgniter.php(832): App\Controllers\Home->index()
#7 D:\xampp\htdocs\fatih\timeline\_temp\system\CodeIgniter.php(419): CodeIgniter\CodeIgniter->runController(Object(App\Controllers\Home))
#8 D:\xampp\htdocs\fatih\timeline\_temp\system\CodeIgniter.php(326): CodeIgniter\CodeIgniter->handleRequest(NULL, Object(Config\Cache), false)
#9 D:\xampp\htdocs\fatih\timeline\index.php(37): CodeIgniter\CodeIgniter->run()
#10 {main}
CRITICAL - 2023-07-21 22:23:20 --> include(): Filename cannot be empty
#0 D:\xampp\htdocs\fatih\timeline\_temp\app\Views\template.php(17): CodeIgniter\Debug\Exceptions->errorHandler(2, 'include(): File...', 'D:\\xampp\\htdocs...', 17, Array)
#1 D:\xampp\htdocs\fatih\timeline\_temp\app\Views\template.php(17): include()
#2 D:\xampp\htdocs\fatih\timeline\_temp\system\View\View.php(210): include('D:\\xampp\\htdocs...')
#3 D:\xampp\htdocs\fatih\timeline\_temp\system\View\View.php(213): CodeIgniter\View\View->CodeIgniter\View\{closure}()
#4 D:\xampp\htdocs\fatih\timeline\_temp\system\Common.php(1089): CodeIgniter\View\View->render('template', Array, true)
#5 D:\xampp\htdocs\fatih\timeline\_temp\app\Controllers\Home.php(14): view('template')
#6 D:\xampp\htdocs\fatih\timeline\_temp\system\CodeIgniter.php(832): App\Controllers\Home->index()
#7 D:\xampp\htdocs\fatih\timeline\_temp\system\CodeIgniter.php(419): CodeIgniter\CodeIgniter->runController(Object(App\Controllers\Home))
#8 D:\xampp\htdocs\fatih\timeline\_temp\system\CodeIgniter.php(326): CodeIgniter\CodeIgniter->handleRequest(NULL, Object(Config\Cache), false)
#9 D:\xampp\htdocs\fatih\timeline\index.php(37): CodeIgniter\CodeIgniter->run()
#10 {main}
CRITICAL - 2023-07-21 22:23:31 --> include(): Filename cannot be empty
#0 D:\xampp\htdocs\fatih\timeline\_temp\app\Views\template.php(17): CodeIgniter\Debug\Exceptions->errorHandler(2, 'include(): File...', 'D:\\xampp\\htdocs...', 17, Array)
#1 D:\xampp\htdocs\fatih\timeline\_temp\app\Views\template.php(17): include()
#2 D:\xampp\htdocs\fatih\timeline\_temp\system\View\View.php(210): include('D:\\xampp\\htdocs...')
#3 D:\xampp\htdocs\fatih\timeline\_temp\system\View\View.php(213): CodeIgniter\View\View->CodeIgniter\View\{closure}()
#4 D:\xampp\htdocs\fatih\timeline\_temp\system\Common.php(1089): CodeIgniter\View\View->render('template', Array, true)
#5 D:\xampp\htdocs\fatih\timeline\_temp\app\Controllers\Home.php(14): view('template')
#6 D:\xampp\htdocs\fatih\timeline\_temp\system\CodeIgniter.php(832): App\Controllers\Home->index()
#7 D:\xampp\htdocs\fatih\timeline\_temp\system\CodeIgniter.php(419): CodeIgniter\CodeIgniter->runController(Object(App\Controllers\Home))
#8 D:\xampp\htdocs\fatih\timeline\_temp\system\CodeIgniter.php(326): CodeIgniter\CodeIgniter->handleRequest(NULL, Object(Config\Cache), false)
#9 D:\xampp\htdocs\fatih\timeline\index.php(37): CodeIgniter\CodeIgniter->run()
#10 {main}
CRITICAL - 2023-07-21 22:24:04 --> include(content/home/index): failed to open stream: No such file or directory
#0 D:\xampp\htdocs\fatih\timeline\_temp\app\Views\template.php(17): CodeIgniter\Debug\Exceptions->errorHandler(2, 'include(content...', 'D:\\xampp\\htdocs...', 17, Array)
#1 D:\xampp\htdocs\fatih\timeline\_temp\app\Views\template.php(17): include()
#2 D:\xampp\htdocs\fatih\timeline\_temp\system\View\View.php(210): include('D:\\xampp\\htdocs...')
#3 D:\xampp\htdocs\fatih\timeline\_temp\system\View\View.php(213): CodeIgniter\View\View->CodeIgniter\View\{closure}()
#4 D:\xampp\htdocs\fatih\timeline\_temp\system\Common.php(1089): CodeIgniter\View\View->render('template', Array, true)
#5 D:\xampp\htdocs\fatih\timeline\_temp\app\Controllers\Home.php(14): view('template', Array)
#6 D:\xampp\htdocs\fatih\timeline\_temp\system\CodeIgniter.php(832): App\Controllers\Home->index()
#7 D:\xampp\htdocs\fatih\timeline\_temp\system\CodeIgniter.php(419): CodeIgniter\CodeIgniter->runController(Object(App\Controllers\Home))
#8 D:\xampp\htdocs\fatih\timeline\_temp\system\CodeIgniter.php(326): CodeIgniter\CodeIgniter->handleRequest(NULL, Object(Config\Cache), false)
#9 D:\xampp\htdocs\fatih\timeline\index.php(37): CodeIgniter\CodeIgniter->run()
#10 {main}
CRITICAL - 2023-07-21 22:25:30 --> include(&quot;content/home/index.php&quot;): failed to open stream: No such file or directory
#0 D:\xampp\htdocs\fatih\timeline\_temp\app\Views\template.php(17): CodeIgniter\Debug\Exceptions->errorHandler(2, 'include(&quot;c...', 'D:\\xampp\\htdocs...', 17, Array)
#1 D:\xampp\htdocs\fatih\timeline\_temp\app\Views\template.php(17): include()
#2 D:\xampp\htdocs\fatih\timeline\_temp\system\View\View.php(210): include('D:\\xampp\\htdocs...')
#3 D:\xampp\htdocs\fatih\timeline\_temp\system\View\View.php(213): CodeIgniter\View\View->CodeIgniter\View\{closure}()
#4 D:\xampp\htdocs\fatih\timeline\_temp\system\Common.php(1089): CodeIgniter\View\View->render('template', Array, true)
#5 D:\xampp\htdocs\fatih\timeline\_temp\app\Controllers\Home.php(14): view('template', Array)
#6 D:\xampp\htdocs\fatih\timeline\_temp\system\CodeIgniter.php(832): App\Controllers\Home->index()
#7 D:\xampp\htdocs\fatih\timeline\_temp\system\CodeIgniter.php(419): CodeIgniter\CodeIgniter->runController(Object(App\Controllers\Home))
#8 D:\xampp\htdocs\fatih\timeline\_temp\system\CodeIgniter.php(326): CodeIgniter\CodeIgniter->handleRequest(NULL, Object(Config\Cache), false)
#9 D:\xampp\htdocs\fatih\timeline\index.php(37): CodeIgniter\CodeIgniter->run()
#10 {main}
CRITICAL - 2023-07-21 22:42:33 --> include(content/home/css.php): failed to open stream: No such file or directory
#0 D:\xampp\htdocs\fatih\timeline\_temp\app\Views\template\head.php(10): CodeIgniter\Debug\Exceptions->errorHandler(2, 'include(content...', 'D:\\xampp\\htdocs...', 10, Array)
#1 D:\xampp\htdocs\fatih\timeline\_temp\app\Views\template\head.php(10): include()
#2 D:\xampp\htdocs\fatih\timeline\_temp\app\Views\template.php(5): include('D:\\xampp\\htdocs...')
#3 D:\xampp\htdocs\fatih\timeline\_temp\system\View\View.php(210): include('D:\\xampp\\htdocs...')
#4 D:\xampp\htdocs\fatih\timeline\_temp\system\View\View.php(213): CodeIgniter\View\View->CodeIgniter\View\{closure}()
#5 D:\xampp\htdocs\fatih\timeline\_temp\system\Common.php(1089): CodeIgniter\View\View->render('template', Array, true)
#6 D:\xampp\htdocs\fatih\timeline\_temp\app\Controllers\Home.php(23): view('template', Array)
#7 D:\xampp\htdocs\fatih\timeline\_temp\system\CodeIgniter.php(832): App\Controllers\Home->tes()
#8 D:\xampp\htdocs\fatih\timeline\_temp\system\CodeIgniter.php(419): CodeIgniter\CodeIgniter->runController(Object(App\Controllers\Home))
#9 D:\xampp\htdocs\fatih\timeline\_temp\system\CodeIgniter.php(326): CodeIgniter\CodeIgniter->handleRequest(NULL, Object(Config\Cache), false)
#10 D:\xampp\htdocs\fatih\timeline\index.php(37): CodeIgniter\CodeIgniter->run()
#11 {main}
CRITICAL - 2023-07-21 23:11:46 --> Argument 2 passed to view() must be of the type array, null given, called in D:\xampp\htdocs\fatih\timeline\_temp\app\Controllers\Auth.php on line 12
#0 D:\xampp\htdocs\fatih\timeline\_temp\app\Controllers\Auth.php(12): view('content/login/i...', NULL)
#1 D:\xampp\htdocs\fatih\timeline\_temp\system\CodeIgniter.php(832): App\Controllers\Auth->index()
#2 D:\xampp\htdocs\fatih\timeline\_temp\system\CodeIgniter.php(419): CodeIgniter\CodeIgniter->runController(Object(App\Controllers\Auth))
#3 D:\xampp\htdocs\fatih\timeline\_temp\system\CodeIgniter.php(326): CodeIgniter\CodeIgniter->handleRequest(NULL, Object(Config\Cache), false)
#4 D:\xampp\htdocs\fatih\timeline\index.php(37): CodeIgniter\CodeIgniter->run()
#5 {main}
CRITICAL - 2023-07-21 23:12:15 --> Argument 2 passed to view() must be of the type array, null given, called in D:\xampp\htdocs\fatih\timeline\_temp\app\Controllers\Auth.php on line 11
#0 D:\xampp\htdocs\fatih\timeline\_temp\app\Controllers\Auth.php(11): view('content/login/i...', NULL)
#1 D:\xampp\htdocs\fatih\timeline\_temp\system\CodeIgniter.php(832): App\Controllers\Auth->index()
#2 D:\xampp\htdocs\fatih\timeline\_temp\system\CodeIgniter.php(419): CodeIgniter\CodeIgniter->runController(Object(App\Controllers\Auth))
#3 D:\xampp\htdocs\fatih\timeline\_temp\system\CodeIgniter.php(326): CodeIgniter\CodeIgniter->handleRequest(NULL, Object(Config\Cache), false)
#4 D:\xampp\htdocs\fatih\timeline\index.php(37): CodeIgniter\CodeIgniter->run()
#5 {main}
CRITICAL - 2023-07-21 23:12:52 --> Argument 2 passed to view() must be of the type array, null given, called in D:\xampp\htdocs\fatih\timeline\_temp\app\Controllers\Auth.php on line 11
#0 D:\xampp\htdocs\fatih\timeline\_temp\app\Controllers\Auth.php(11): view('content/login/i...', NULL)
#1 D:\xampp\htdocs\fatih\timeline\_temp\system\CodeIgniter.php(832): App\Controllers\Auth->index()
#2 D:\xampp\htdocs\fatih\timeline\_temp\system\CodeIgniter.php(419): CodeIgniter\CodeIgniter->runController(Object(App\Controllers\Auth))
#3 D:\xampp\htdocs\fatih\timeline\_temp\system\CodeIgniter.php(326): CodeIgniter\CodeIgniter->handleRequest(NULL, Object(Config\Cache), false)
#4 D:\xampp\htdocs\fatih\timeline\index.php(37): CodeIgniter\CodeIgniter->run()
#5 {main}
CRITICAL - 2023-07-21 23:13:35 --> include(template/head.php): failed to open stream: No such file or directory
#0 D:\xampp\htdocs\fatih\timeline\_temp\app\Views\content\login\index.php(7): CodeIgniter\Debug\Exceptions->errorHandler(2, 'include(templat...', 'D:\\xampp\\htdocs...', 7, Array)
#1 D:\xampp\htdocs\fatih\timeline\_temp\app\Views\content\login\index.php(7): include()
#2 D:\xampp\htdocs\fatih\timeline\_temp\system\View\View.php(210): include('D:\\xampp\\htdocs...')
#3 D:\xampp\htdocs\fatih\timeline\_temp\system\View\View.php(213): CodeIgniter\View\View->CodeIgniter\View\{closure}()
#4 D:\xampp\htdocs\fatih\timeline\_temp\system\Common.php(1089): CodeIgniter\View\View->render('content/login/i...', Array, true)
#5 D:\xampp\htdocs\fatih\timeline\_temp\app\Controllers\Auth.php(11): view('content/login/i...')
#6 D:\xampp\htdocs\fatih\timeline\_temp\system\CodeIgniter.php(832): App\Controllers\Auth->index()
#7 D:\xampp\htdocs\fatih\timeline\_temp\system\CodeIgniter.php(419): CodeIgniter\CodeIgniter->runController(Object(App\Controllers\Auth))
#8 D:\xampp\htdocs\fatih\timeline\_temp\system\CodeIgniter.php(326): CodeIgniter\CodeIgniter->handleRequest(NULL, Object(Config\Cache), false)
#9 D:\xampp\htdocs\fatih\timeline\index.php(37): CodeIgniter\CodeIgniter->run()
#10 {main}
CRITICAL - 2023-07-21 23:14:20 --> include(../template/head.php): failed to open stream: No such file or directory
#0 D:\xampp\htdocs\fatih\timeline\_temp\app\Views\content\login\index.php(7): CodeIgniter\Debug\Exceptions->errorHandler(2, 'include(../temp...', 'D:\\xampp\\htdocs...', 7, Array)
#1 D:\xampp\htdocs\fatih\timeline\_temp\app\Views\content\login\index.php(7): include()
#2 D:\xampp\htdocs\fatih\timeline\_temp\system\View\View.php(210): include('D:\\xampp\\htdocs...')
#3 D:\xampp\htdocs\fatih\timeline\_temp\system\View\View.php(213): CodeIgniter\View\View->CodeIgniter\View\{closure}()
#4 D:\xampp\htdocs\fatih\timeline\_temp\system\Common.php(1089): CodeIgniter\View\View->render('content/login/i...', Array, true)
#5 D:\xampp\htdocs\fatih\timeline\_temp\app\Controllers\Auth.php(11): view('content/login/i...')
#6 D:\xampp\htdocs\fatih\timeline\_temp\system\CodeIgniter.php(832): App\Controllers\Auth->index()
#7 D:\xampp\htdocs\fatih\timeline\_temp\system\CodeIgniter.php(419): CodeIgniter\CodeIgniter->runController(Object(App\Controllers\Auth))
#8 D:\xampp\htdocs\fatih\timeline\_temp\system\CodeIgniter.php(326): CodeIgniter\CodeIgniter->handleRequest(NULL, Object(Config\Cache), false)
#9 D:\xampp\htdocs\fatih\timeline\index.php(37): CodeIgniter\CodeIgniter->run()
#10 {main}
CRITICAL - 2023-07-21 23:14:30 --> include(../../template/head.php): failed to open stream: No such file or directory
#0 D:\xampp\htdocs\fatih\timeline\_temp\app\Views\content\login\index.php(7): CodeIgniter\Debug\Exceptions->errorHandler(2, 'include(../../t...', 'D:\\xampp\\htdocs...', 7, Array)
#1 D:\xampp\htdocs\fatih\timeline\_temp\app\Views\content\login\index.php(7): include()
#2 D:\xampp\htdocs\fatih\timeline\_temp\system\View\View.php(210): include('D:\\xampp\\htdocs...')
#3 D:\xampp\htdocs\fatih\timeline\_temp\system\View\View.php(213): CodeIgniter\View\View->CodeIgniter\View\{closure}()
#4 D:\xampp\htdocs\fatih\timeline\_temp\system\Common.php(1089): CodeIgniter\View\View->render('content/login/i...', Array, true)
#5 D:\xampp\htdocs\fatih\timeline\_temp\app\Controllers\Auth.php(11): view('content/login/i...')
#6 D:\xampp\htdocs\fatih\timeline\_temp\system\CodeIgniter.php(832): App\Controllers\Auth->index()
#7 D:\xampp\htdocs\fatih\timeline\_temp\system\CodeIgniter.php(419): CodeIgniter\CodeIgniter->runController(Object(App\Controllers\Auth))
#8 D:\xampp\htdocs\fatih\timeline\_temp\system\CodeIgniter.php(326): CodeIgniter\CodeIgniter->handleRequest(NULL, Object(Config\Cache), false)
#9 D:\xampp\htdocs\fatih\timeline\index.php(37): CodeIgniter\CodeIgniter->run()
#10 {main}
CRITICAL - 2023-07-21 23:15:33 --> syntax error, unexpected '"template/head.php"' (T_CONSTANT_ENCAPSED_STRING)
#0 D:\xampp\htdocs\fatih\timeline\_temp\system\View\View.php(213): CodeIgniter\View\View->CodeIgniter\View\{closure}()
#1 D:\xampp\htdocs\fatih\timeline\_temp\system\Common.php(1089): CodeIgniter\View\View->render('content/login/i...', Array, true)
#2 D:\xampp\htdocs\fatih\timeline\_temp\app\Controllers\Auth.php(11): view('content/login/i...')
#3 D:\xampp\htdocs\fatih\timeline\_temp\system\CodeIgniter.php(832): App\Controllers\Auth->index()
#4 D:\xampp\htdocs\fatih\timeline\_temp\system\CodeIgniter.php(419): CodeIgniter\CodeIgniter->runController(Object(App\Controllers\Auth))
#5 D:\xampp\htdocs\fatih\timeline\_temp\system\CodeIgniter.php(326): CodeIgniter\CodeIgniter->handleRequest(NULL, Object(Config\Cache), false)
#6 D:\xampp\htdocs\fatih\timeline\index.php(37): CodeIgniter\CodeIgniter->run()
#7 {main}
CRITICAL - 2023-07-21 23:16:04 --> syntax error, unexpected '.'
#0 D:\xampp\htdocs\fatih\timeline\_temp\system\View\View.php(213): CodeIgniter\View\View->CodeIgniter\View\{closure}()
#1 D:\xampp\htdocs\fatih\timeline\_temp\system\Common.php(1089): CodeIgniter\View\View->render('content/login/i...', Array, true)
#2 D:\xampp\htdocs\fatih\timeline\_temp\app\Controllers\Auth.php(11): view('content/login/i...')
#3 D:\xampp\htdocs\fatih\timeline\_temp\system\CodeIgniter.php(832): App\Controllers\Auth->index()
#4 D:\xampp\htdocs\fatih\timeline\_temp\system\CodeIgniter.php(419): CodeIgniter\CodeIgniter->runController(Object(App\Controllers\Auth))
#5 D:\xampp\htdocs\fatih\timeline\_temp\system\CodeIgniter.php(326): CodeIgniter\CodeIgniter->handleRequest(NULL, Object(Config\Cache), false)
#6 D:\xampp\htdocs\fatih\timeline\index.php(37): CodeIgniter\CodeIgniter->run()
#7 {main}
CRITICAL - 2023-07-21 23:16:49 --> include(template/js): failed to open stream: No such file or directory
#0 D:\xampp\htdocs\fatih\timeline\_temp\app\Views\content\login\index.php(111): CodeIgniter\Debug\Exceptions->errorHandler(2, 'include(templat...', 'D:\\xampp\\htdocs...', 111, Array)
#1 D:\xampp\htdocs\fatih\timeline\_temp\app\Views\content\login\index.php(111): include()
#2 D:\xampp\htdocs\fatih\timeline\_temp\system\View\View.php(210): include('D:\\xampp\\htdocs...')
#3 D:\xampp\htdocs\fatih\timeline\_temp\system\View\View.php(213): CodeIgniter\View\View->CodeIgniter\View\{closure}()
#4 D:\xampp\htdocs\fatih\timeline\_temp\system\Common.php(1089): CodeIgniter\View\View->render('content/login/i...', Array, true)
#5 D:\xampp\htdocs\fatih\timeline\_temp\app\Controllers\Auth.php(11): view('content/login/i...')
#6 D:\xampp\htdocs\fatih\timeline\_temp\system\CodeIgniter.php(832): App\Controllers\Auth->index()
#7 D:\xampp\htdocs\fatih\timeline\_temp\system\CodeIgniter.php(419): CodeIgniter\CodeIgniter->runController(Object(App\Controllers\Auth))
#8 D:\xampp\htdocs\fatih\timeline\_temp\system\CodeIgniter.php(326): CodeIgniter\CodeIgniter->handleRequest(NULL, Object(Config\Cache), false)
#9 D:\xampp\htdocs\fatih\timeline\index.php(37): CodeIgniter\CodeIgniter->run()
#10 {main}
